{"C:\\Users\\rudim\\facoffee-tads\\facoffee-users\\src\\config\\env.ts": {"path":"C:\\Users\\rudim\\facoffee-tads\\facoffee-users\\src\\config\\env.ts","statementMap":{"0":{"start":{"line":1,"column":0},"end":{"line":1,"column":23}},"1":{"start":{"line":8,"column":16},"end":{"line":8,"column":33}},"2":{"start":{"line":9,"column":2},"end":{"line":11,"column":3}},"3":{"start":{"line":10,"column":4},"end":{"line":10,"column":73}},"4":{"start":{"line":12,"column":2},"end":{"line":12,"column":15}},"5":{"start":{"line":15,"column":13},"end":{"line":24,"column":11}}},"fnMap":{"0":{"name":"requireEnv","decl":{"start":{"line":7,"column":9},"end":{"line":7,"column":19}},"loc":{"start":{"line":7,"column":32},"end":{"line":13,"column":1}}}},"branchMap":{"0":{"loc":{"start":{"line":9,"column":2},"end":{"line":11,"column":3}},"type":"if","locations":[{"start":{"line":9,"column":2},"end":{"line":11,"column":3}},{"start":{},"end":{}}]},"1":{"loc":{"start":{"line":16,"column":17},"end":{"line":16,"column":46}},"type":"binary-expr","locations":[{"start":{"line":16,"column":17},"end":{"line":16,"column":36}},{"start":{"line":16,"column":40},"end":{"line":16,"column":46}}]}},"s":{"0":2,"1":14,"2":14,"3":0,"4":14,"5":2},"f":{"0":14},"b":{"0":[0,14],"1":[2,0]}}
,"C:\\Users\\rudim\\facoffee-tads\\facoffee-users\\src\\config\\rabbitmq.ts": {"path":"C:\\Users\\rudim\\facoffee-tads\\facoffee-users\\src\\config\\rabbitmq.ts","statementMap":{"0":{"start":{"line":12,"column":0},"end":{"line":12,"column":7}},"1":{"start":{"line":28,"column":0},"end":{"line":28,"column":7}},"2":{"start":{"line":2,"column":0},"end":{"line":2,"column":55}},"3":{"start":{"line":3,"column":0},"end":{"line":3,"column":28}},"4":{"start":{"line":5,"column":36},"end":{"line":5,"column":40}},"5":{"start":{"line":6,"column":30},"end":{"line":6,"column":34}},"6":{"start":{"line":13,"column":2},"end":{"line":15,"column":3}},"7":{"start":{"line":14,"column":4},"end":{"line":14,"column":19}},"8":{"start":{"line":17,"column":2},"end":{"line":17,"column":54}},"9":{"start":{"line":18,"column":2},"end":{"line":18,"column":45}},"10":{"start":{"line":20,"column":2},"end":{"line":20,"column":76}},"11":{"start":{"line":22,"column":2},"end":{"line":22,"column":17}},"12":{"start":{"line":29,"column":2},"end":{"line":32,"column":3}},"13":{"start":{"line":30,"column":4},"end":{"line":30,"column":26}},"14":{"start":{"line":31,"column":4},"end":{"line":31,"column":19}},"15":{"start":{"line":33,"column":2},"end":{"line":36,"column":3}},"16":{"start":{"line":34,"column":4},"end":{"line":34,"column":29}},"17":{"start":{"line":35,"column":4},"end":{"line":35,"column":22}}},"fnMap":{"0":{"name":"getRabbitChannel","decl":{"start":{"line":12,"column":22},"end":{"line":12,"column":38}},"loc":{"start":{"line":12,"column":38},"end":{"line":23,"column":1}}},"1":{"name":"closeRabbitConnection","decl":{"start":{"line":28,"column":22},"end":{"line":28,"column":43}},"loc":{"start":{"line":28,"column":43},"end":{"line":37,"column":1}}}},"branchMap":{"0":{"loc":{"start":{"line":13,"column":2},"end":{"line":15,"column":3}},"type":"if","locations":[{"start":{"line":13,"column":2},"end":{"line":15,"column":3}},{"start":{},"end":{}}]},"1":{"loc":{"start":{"line":29,"column":2},"end":{"line":32,"column":3}},"type":"if","locations":[{"start":{"line":29,"column":2},"end":{"line":32,"column":3}},{"start":{},"end":{}}]},"2":{"loc":{"start":{"line":33,"column":2},"end":{"line":36,"column":3}},"type":"if","locations":[{"start":{"line":33,"column":2},"end":{"line":36,"column":3}},{"start":{},"end":{}}]}},"s":{"0":1,"1":1,"2":1,"3":1,"4":1,"5":1,"6":0,"7":0,"8":0,"9":0,"10":0,"11":0,"12":0,"13":0,"14":0,"15":0,"16":0,"17":0},"f":{"0":0,"1":0},"b":{"0":[0,0],"1":[0,0],"2":[0,0]}}
,"C:\\Users\\rudim\\facoffee-tads\\facoffee-users\\src\\domain\\user.errors.ts": {"path":"C:\\Users\\rudim\\facoffee-tads\\facoffee-users\\src\\domain\\user.errors.ts","statementMap":{"0":{"start":{"line":6,"column":4},"end":{"line":6,"column":44}},"1":{"start":{"line":7,"column":4},"end":{"line":7,"column":37}},"2":{"start":{"line":4,"column":0},"end":{"line":4,"column":13}},"3":{"start":{"line":16,"column":4},"end":{"line":16,"column":47}},"4":{"start":{"line":17,"column":4},"end":{"line":17,"column":36}},"5":{"start":{"line":14,"column":0},"end":{"line":14,"column":13}},"6":{"start":{"line":26,"column":4},"end":{"line":26,"column":19}},"7":{"start":{"line":27,"column":4},"end":{"line":27,"column":36}},"8":{"start":{"line":24,"column":0},"end":{"line":24,"column":13}},"9":{"start":{"line":36,"column":4},"end":{"line":36,"column":19}},"10":{"start":{"line":37,"column":4},"end":{"line":37,"column":33}},"11":{"start":{"line":34,"column":0},"end":{"line":34,"column":13}}},"fnMap":{"0":{"name":"(anonymous_0)","decl":{"start":{"line":5,"column":2},"end":{"line":5,"column":14}},"loc":{"start":{"line":5,"column":27},"end":{"line":8,"column":3}}},"1":{"name":"(anonymous_1)","decl":{"start":{"line":15,"column":2},"end":{"line":15,"column":14}},"loc":{"start":{"line":15,"column":28},"end":{"line":18,"column":3}}},"2":{"name":"(anonymous_2)","decl":{"start":{"line":25,"column":2},"end":{"line":25,"column":14}},"loc":{"start":{"line":25,"column":51},"end":{"line":28,"column":3}}},"3":{"name":"(anonymous_3)","decl":{"start":{"line":35,"column":2},"end":{"line":35,"column":14}},"loc":{"start":{"line":35,"column":39},"end":{"line":38,"column":3}}}},"branchMap":{"0":{"loc":{"start":{"line":25,"column":14},"end":{"line":25,"column":51}},"type":"default-arg","locations":[{"start":{"line":25,"column":24},"end":{"line":25,"column":51}}]},"1":{"loc":{"start":{"line":35,"column":14},"end":{"line":35,"column":39}},"type":"default-arg","locations":[{"start":{"line":35,"column":24},"end":{"line":35,"column":39}}]}},"s":{"0":1,"1":1,"2":1,"3":0,"4":0,"5":1,"6":0,"7":0,"8":1,"9":0,"10":0,"11":1},"f":{"0":1,"1":0,"2":0,"3":0},"b":{"0":[0],"1":[0]}}
,"C:\\Users\\rudim\\facoffee-tads\\facoffee-users\\src\\events\\publisher.ts": {"path":"C:\\Users\\rudim\\facoffee-tads\\facoffee-users\\src\\events\\publisher.ts","statementMap":{"0":{"start":{"line":23,"column":0},"end":{"line":23,"column":7}},"1":{"start":{"line":1,"column":0},"end":{"line":1,"column":28}},"2":{"start":{"line":2,"column":0},"end":{"line":2,"column":54}},"3":{"start":{"line":4,"column":17},"end":{"line":4,"column":32}},"4":{"start":{"line":26,"column":16},"end":{"line":32,"column":4}},"5":{"start":{"line":34,"column":2},"end":{"line":44,"column":3}},"6":{"start":{"line":35,"column":20},"end":{"line":35,"column":44}},"7":{"start":{"line":36,"column":4},"end":{"line":41,"column":6}},"8":{"start":{"line":43,"column":4},"end":{"line":43,"column":80}}},"fnMap":{"0":{"name":"publishUserDeactivated","decl":{"start":{"line":23,"column":22},"end":{"line":23,"column":44}},"loc":{"start":{"line":24,"column":33},"end":{"line":45,"column":1}}}},"branchMap":{},"s":{"0":1,"1":1,"2":1,"3":1,"4":0,"5":0,"6":0,"7":0,"8":0},"f":{"0":0},"b":{}}
,"C:\\Users\\rudim\\facoffee-tads\\facoffee-users\\src\\repositories\\user.repository.ts": {"path":"C:\\Users\\rudim\\facoffee-tads\\facoffee-users\\src\\repositories\\user.repository.ts","statementMap":{"0":{"start":{"line":40,"column":0},"end":{"line":40,"column":7}},"1":{"start":{"line":55,"column":0},"end":{"line":55,"column":7}},"2":{"start":{"line":65,"column":0},"end":{"line":65,"column":7}},"3":{"start":{"line":75,"column":0},"end":{"line":75,"column":7}},"4":{"start":{"line":111,"column":0},"end":{"line":111,"column":7}},"5":{"start":{"line":125,"column":0},"end":{"line":125,"column":7}},"6":{"start":{"line":139,"column":0},"end":{"line":139,"column":7}},"7":{"start":{"line":1,"column":0},"end":{"line":1,"column":46}},"8":{"start":{"line":2,"column":0},"end":{"line":2,"column":26}},"9":{"start":{"line":3,"column":0},"end":{"line":3,"column":46}},"10":{"start":{"line":6,"column":25},"end":{"line":6,"column":52}},"11":{"start":{"line":7,"column":13},"end":{"line":7,"column":43}},"12":{"start":{"line":8,"column":16},"end":{"line":8,"column":34}},"13":{"start":{"line":9,"column":15},"end":{"line":9,"column":44}},"14":{"start":{"line":46,"column":2},"end":{"line":46,"column":55}},"15":{"start":{"line":56,"column":2},"end":{"line":56,"column":75}},"16":{"start":{"line":66,"column":2},"end":{"line":66,"column":78}},"17":{"start":{"line":76,"column":39},"end":{"line":76,"column":45}},"18":{"start":{"line":78,"column":41},"end":{"line":78,"column":43}},"19":{"start":{"line":79,"column":2},"end":{"line":81,"column":3}},"20":{"start":{"line":80,"column":4},"end":{"line":80,"column":29}},"21":{"start":{"line":82,"column":2},"end":{"line":84,"column":3}},"22":{"start":{"line":83,"column":4},"end":{"line":83,"column":35}},"23":{"start":{"line":86,"column":33},"end":{"line":94,"column":4}},"24":{"start":{"line":96,"column":21},"end":{"line":96,"column":52}},"25":{"start":{"line":98,"column":2},"end":{"line":101,"column":4}},"26":{"start":{"line":112,"column":2},"end":{"line":115,"column":22}},"27":{"start":{"line":126,"column":2},"end":{"line":129,"column":22}},"28":{"start":{"line":143,"column":2},"end":{"line":146,"column":22}}},"fnMap":{"0":{"name":"createUser","decl":{"start":{"line":40,"column":22},"end":{"line":40,"column":32}},"loc":{"start":{"line":45,"column":1},"end":{"line":47,"column":1}}},"1":{"name":"findUserById","decl":{"start":{"line":55,"column":22},"end":{"line":55,"column":34}},"loc":{"start":{"line":55,"column":45},"end":{"line":57,"column":1}}},"2":{"name":"findUserByEmail","decl":{"start":{"line":65,"column":22},"end":{"line":65,"column":37}},"loc":{"start":{"line":65,"column":51},"end":{"line":67,"column":1}}},"3":{"name":"listUsers","decl":{"start":{"line":75,"column":22},"end":{"line":75,"column":31}},"loc":{"start":{"line":75,"column":55},"end":{"line":102,"column":1}}},"4":{"name":"updateUserName","decl":{"start":{"line":111,"column":22},"end":{"line":111,"column":36}},"loc":{"start":{"line":111,"column":61},"end":{"line":116,"column":1}}},"5":{"name":"deactivateUser","decl":{"start":{"line":125,"column":22},"end":{"line":125,"column":36}},"loc":{"start":{"line":125,"column":47},"end":{"line":130,"column":1}}},"6":{"name":"replaceUserRoles","decl":{"start":{"line":139,"column":22},"end":{"line":139,"column":38}},"loc":{"start":{"line":141,"column":19},"end":{"line":147,"column":1}}}},"branchMap":{"0":{"loc":{"start":{"line":79,"column":2},"end":{"line":81,"column":3}},"type":"if","locations":[{"start":{"line":79,"column":2},"end":{"line":81,"column":3}},{"start":{},"end":{}}]},"1":{"loc":{"start":{"line":82,"column":2},"end":{"line":84,"column":3}},"type":"if","locations":[{"start":{"line":82,"column":2},"end":{"line":84,"column":3}},{"start":{},"end":{}}]}},"s":{"0":1,"1":1,"2":1,"3":1,"4":1,"5":1,"6":1,"7":1,"8":1,"9":1,"10":1,"11":1,"12":1,"13":1,"14":0,"15":0,"16":0,"17":0,"18":0,"19":0,"20":0,"21":0,"22":0,"23":0,"24":0,"25":0,"26":0,"27":0,"28":0},"f":{"0":0,"1":0,"2":0,"3":0,"4":0,"5":0,"6":0},"b":{"0":[0,0],"1":[0,0]}}
,"C:\\Users\\rudim\\facoffee-tads\\facoffee-users\\src\\services\\keycloak.service.ts": {"path":"C:\\Users\\rudim\\facoffee-tads\\facoffee-users\\src\\services\\keycloak.service.ts","statementMap":{"0":{"start":{"line":43,"column":0},"end":{"line":43,"column":7}},"1":{"start":{"line":107,"column":0},"end":{"line":107,"column":7}},"2":{"start":{"line":1,"column":0},"end":{"line":1,"column":36}},"3":{"start":{"line":10,"column":17},"end":{"line":14,"column":4}},"4":{"start":{"line":16,"column":19},"end":{"line":22,"column":null}},"5":{"start":{"line":25,"column":2},"end":{"line":29,"column":3}},"6":{"start":{"line":26,"column":4},"end":{"line":28,"column":6}},"7":{"start":{"line":31,"column":16},"end":{"line":31,"column":37}},"8":{"start":{"line":32,"column":2},"end":{"line":32,"column":27}},"9":{"start":{"line":47,"column":16},"end":{"line":47,"column":37}},"10":{"start":{"line":48,"column":20},"end":{"line":48,"column":67}},"11":{"start":{"line":50,"column":19},"end":{"line":63,"column":4}},"12":{"start":{"line":65,"column":2},"end":{"line":67,"column":3}},"13":{"start":{"line":66,"column":4},"end":{"line":66,"column":78}},"14":{"start":{"line":69,"column":25},"end":{"line":73,"column":null}},"15":{"start":{"line":76,"column":2},"end":{"line":80,"column":3}},"16":{"start":{"line":77,"column":4},"end":{"line":79,"column":6}},"17":{"start":{"line":82,"column":17},"end":{"line":82,"column":44}},"18":{"start":{"line":84,"column":2},"end":{"line":88,"column":3}},"19":{"start":{"line":85,"column":4},"end":{"line":87,"column":6}},"20":{"start":{"line":90,"column":21},"end":{"line":90,"column":32}},"21":{"start":{"line":92,"column":2},"end":{"line":95,"column":5}},"22":{"start":{"line":97,"column":2},"end":{"line":97,"column":20}},"23":{"start":{"line":111,"column":16},"end":{"line":111,"column":37}},"24":{"start":{"line":112,"column":20},"end":{"line":112,"column":67}},"25":{"start":{"line":113,"column":26},"end":{"line":113,"column":80}},"26":{"start":{"line":115,"column":28},"end":{"line":117,"column":4}},"27":{"start":{"line":119,"column":2},"end":{"line":123,"column":3}},"28":{"start":{"line":120,"column":4},"end":{"line":122,"column":6}},"29":{"start":{"line":125,"column":20},"end":{"line":125,"column":50}},"30":{"start":{"line":130,"column":26},"end":{"line":132,"column":4}},"31":{"start":{"line":134,"column":2},"end":{"line":150,"column":3}},"32":{"start":{"line":135,"column":26},"end":{"line":135,"column":54}},"33":{"start":{"line":140,"column":4},"end":{"line":149,"column":5}},"34":{"start":{"line":141,"column":6},"end":{"line":148,"column":9}},"35":{"start":{"line":152,"column":21},"end":{"line":152,"column":79}},"36":{"start":{"line":152,"column":44},"end":{"line":152,"column":78}},"37":{"start":{"line":154,"column":2},"end":{"line":169,"column":3}},"38":{"start":{"line":155,"column":24},"end":{"line":162,"column":6}},"39":{"start":{"line":164,"column":4},"end":{"line":168,"column":5}},"40":{"start":{"line":165,"column":6},"end":{"line":167,"column":8}}},"fnMap":{"0":{"name":"getAdminToken","decl":{"start":{"line":9,"column":15},"end":{"line":9,"column":28}},"loc":{"start":{"line":9,"column":28},"end":{"line":33,"column":1}}},"1":{"name":"createKeycloakUser","decl":{"start":{"line":43,"column":22},"end":{"line":43,"column":40}},"loc":{"start":{"line":45,"column":15},"end":{"line":98,"column":1}}},"2":{"name":"replaceKeycloakUserRoles","decl":{"start":{"line":107,"column":22},"end":{"line":107,"column":46}},"loc":{"start":{"line":109,"column":19},"end":{"line":170,"column":1}}},"3":{"name":"(anonymous_3)","decl":{"start":{"line":152,"column":37},"end":{"line":152,"column":38}},"loc":{"start":{"line":152,"column":44},"end":{"line":152,"column":78}}}},"branchMap":{"0":{"loc":{"start":{"line":25,"column":2},"end":{"line":29,"column":3}},"type":"if","locations":[{"start":{"line":25,"column":2},"end":{"line":29,"column":3}},{"start":{},"end":{}}]},"1":{"loc":{"start":{"line":65,"column":2},"end":{"line":67,"column":3}},"type":"if","locations":[{"start":{"line":65,"column":2},"end":{"line":67,"column":3}},{"start":{},"end":{}}]},"2":{"loc":{"start":{"line":76,"column":2},"end":{"line":80,"column":3}},"type":"if","locations":[{"start":{"line":76,"column":2},"end":{"line":80,"column":3}},{"start":{},"end":{}}]},"3":{"loc":{"start":{"line":84,"column":2},"end":{"line":88,"column":3}},"type":"if","locations":[{"start":{"line":84,"column":2},"end":{"line":88,"column":3}},{"start":{},"end":{}}]},"4":{"loc":{"start":{"line":84,"column":6},"end":{"line":84,"column":32}},"type":"binary-expr","locations":[{"start":{"line":84,"column":6},"end":{"line":84,"column":19}},{"start":{"line":84,"column":23},"end":{"line":84,"column":32}}]},"5":{"loc":{"start":{"line":119,"column":2},"end":{"line":123,"column":3}},"type":"if","locations":[{"start":{"line":119,"column":2},"end":{"line":123,"column":3}},{"start":{},"end":{}}]},"6":{"loc":{"start":{"line":134,"column":2},"end":{"line":150,"column":3}},"type":"if","locations":[{"start":{"line":134,"column":2},"end":{"line":150,"column":3}},{"start":{},"end":{}}]},"7":{"loc":{"start":{"line":140,"column":4},"end":{"line":149,"column":5}},"type":"if","locations":[{"start":{"line":140,"column":4},"end":{"line":149,"column":5}},{"start":{},"end":{}}]},"8":{"loc":{"start":{"line":154,"column":2},"end":{"line":169,"column":3}},"type":"if","locations":[{"start":{"line":154,"column":2},"end":{"line":169,"column":3}},{"start":{},"end":{}}]},"9":{"loc":{"start":{"line":164,"column":4},"end":{"line":168,"column":5}},"type":"if","locations":[{"start":{"line":164,"column":4},"end":{"line":168,"column":5}},{"start":{},"end":{}}]}},"s":{"0":1,"1":1,"2":1,"3":0,"4":0,"5":0,"6":0,"7":0,"8":0,"9":0,"10":0,"11":0,"12":0,"13":0,"14":0,"15":0,"16":0,"17":0,"18":0,"19":0,"20":0,"21":0,"22":0,"23":0,"24":0,"25":0,"26":0,"27":0,"28":0,"29":0,"30":0,"31":0,"32":0,"33":0,"34":0,"35":0,"36":0,"37":0,"38":0,"39":0,"40":0},"f":{"0":0,"1":0,"2":0,"3":0},"b":{"0":[0,0],"1":[0,0],"2":[0,0],"3":[0,0],"4":[0,0],"5":[0,0],"6":[0,0],"7":[0,0],"8":[0,0],"9":[0,0]}}
,"C:\\Users\\rudim\\facoffee-tads\\facoffee-users\\src\\services\\user.service.ts": {"path":"C:\\Users\\rudim\\facoffee-tads\\facoffee-users\\src\\services\\user.service.ts","statementMap":{"0":{"start":{"line":15,"column":0},"end":{"line":15,"column":7}},"1":{"start":{"line":45,"column":0},"end":{"line":45,"column":7}},"2":{"start":{"line":56,"column":0},"end":{"line":56,"column":7}},"3":{"start":{"line":72,"column":0},"end":{"line":72,"column":7}},"4":{"start":{"line":88,"column":0},"end":{"line":88,"column":7}},"5":{"start":{"line":112,"column":0},"end":{"line":112,"column":7}},"6":{"start":{"line":2,"column":0},"end":{"line":2,"column":78}},"7":{"start":{"line":3,"column":0},"end":{"line":3,"column":66}},"8":{"start":{"line":5,"column":0},"end":{"line":5,"column":82}},"9":{"start":{"line":6,"column":0},"end":{"line":6,"column":61}},"10":{"start":{"line":20,"column":19},"end":{"line":20,"column":67}},"11":{"start":{"line":21,"column":2},"end":{"line":23,"column":3}},"12":{"start":{"line":22,"column":4},"end":{"line":22,"column":45}},"13":{"start":{"line":25,"column":16},"end":{"line":25,"column":94}},"14":{"start":{"line":27,"column":21},"end":{"line":27,"column":68}},"15":{"start":{"line":29,"column":2},"end":{"line":29,"column":52}},"16":{"start":{"line":31,"column":2},"end":{"line":36,"column":5}},"17":{"start":{"line":46,"column":2},"end":{"line":46,"column":42}},"18":{"start":{"line":57,"column":15},"end":{"line":57,"column":56}},"19":{"start":{"line":58,"column":2},"end":{"line":60,"column":3}},"20":{"start":{"line":59,"column":4},"end":{"line":59,"column":40}},"21":{"start":{"line":61,"column":2},"end":{"line":61,"column":14}},"22":{"start":{"line":73,"column":15},"end":{"line":73,"column":56}},"23":{"start":{"line":74,"column":2},"end":{"line":76,"column":3}},"24":{"start":{"line":75,"column":4},"end":{"line":75,"column":40}},"25":{"start":{"line":77,"column":2},"end":{"line":77,"column":53}},"26":{"start":{"line":92,"column":15},"end":{"line":92,"column":56}},"27":{"start":{"line":93,"column":2},"end":{"line":95,"column":3}},"28":{"start":{"line":94,"column":4},"end":{"line":94,"column":40}},"29":{"start":{"line":97,"column":22},"end":{"line":97,"column":65}},"30":{"start":{"line":99,"column":2},"end":{"line":99,"column":51}},"31":{"start":{"line":101,"column":2},"end":{"line":101,"column":21}},"32":{"start":{"line":116,"column":15},"end":{"line":116,"column":56}},"33":{"start":{"line":117,"column":2},"end":{"line":119,"column":3}},"34":{"start":{"line":118,"column":4},"end":{"line":118,"column":40}},"35":{"start":{"line":121,"column":2},"end":{"line":121,"column":57}},"36":{"start":{"line":123,"column":2},"end":{"line":123,"column":56}}},"fnMap":{"0":{"name":"createUser","decl":{"start":{"line":15,"column":22},"end":{"line":15,"column":32}},"loc":{"start":{"line":19,"column":1},"end":{"line":37,"column":1}}},"1":{"name":"listUsers","decl":{"start":{"line":45,"column":22},"end":{"line":45,"column":31}},"loc":{"start":{"line":45,"column":55},"end":{"line":47,"column":1}}},"2":{"name":"getUserById","decl":{"start":{"line":56,"column":22},"end":{"line":56,"column":33}},"loc":{"start":{"line":56,"column":48},"end":{"line":62,"column":1}}},"3":{"name":"updateUser","decl":{"start":{"line":72,"column":22},"end":{"line":72,"column":32}},"loc":{"start":{"line":72,"column":61},"end":{"line":78,"column":1}}},"4":{"name":"deactivateUser","decl":{"start":{"line":88,"column":22},"end":{"line":88,"column":36}},"loc":{"start":{"line":90,"column":16},"end":{"line":102,"column":1}}},"5":{"name":"replaceUserRoles","decl":{"start":{"line":112,"column":22},"end":{"line":112,"column":38}},"loc":{"start":{"line":114,"column":19},"end":{"line":124,"column":1}}}},"branchMap":{"0":{"loc":{"start":{"line":21,"column":2},"end":{"line":23,"column":3}},"type":"if","locations":[{"start":{"line":21,"column":2},"end":{"line":23,"column":3}},{"start":{},"end":{}}]},"1":{"loc":{"start":{"line":25,"column":16},"end":{"line":25,"column":94}},"type":"cond-expr","locations":[{"start":{"line":25,"column":54},"end":{"line":25,"column":64}},{"start":{"line":25,"column":67},"end":{"line":25,"column":94}}]},"2":{"loc":{"start":{"line":25,"column":16},"end":{"line":25,"column":51}},"type":"binary-expr","locations":[{"start":{"line":25,"column":16},"end":{"line":25,"column":26}},{"start":{"line":25,"column":30},"end":{"line":25,"column":51}}]},"3":{"loc":{"start":{"line":58,"column":2},"end":{"line":60,"column":3}},"type":"if","locations":[{"start":{"line":58,"column":2},"end":{"line":60,"column":3}},{"start":{},"end":{}}]},"4":{"loc":{"start":{"line":74,"column":2},"end":{"line":76,"column":3}},"type":"if","locations":[{"start":{"line":74,"column":2},"end":{"line":76,"column":3}},{"start":{},"end":{}}]},"5":{"loc":{"start":{"line":93,"column":2},"end":{"line":95,"column":3}},"type":"if","locations":[{"start":{"line":93,"column":2},"end":{"line":95,"column":3}},{"start":{},"end":{}}]},"6":{"loc":{"start":{"line":117,"column":2},"end":{"line":119,"column":3}},"type":"if","locations":[{"start":{"line":117,"column":2},"end":{"line":119,"column":3}},{"start":{},"end":{}}]}},"s":{"0":1,"1":1,"2":1,"3":1,"4":1,"5":1,"6":1,"7":1,"8":1,"9":1,"10":3,"11":3,"12":1,"13":2,"14":2,"15":2,"16":2,"17":0,"18":0,"19":0,"20":0,"21":0,"22":0,"23":0,"24":0,"25":0,"26":1,"27":1,"28":0,"29":1,"30":1,"31":1,"32":1,"33":1,"34":0,"35":1,"36":1},"f":{"0":3,"1":0,"2":0,"3":0,"4":1,"5":1},"b":{"0":[1,2],"1":[1,1],"2":[2,1],"3":[0,0],"4":[0,0],"5":[0,1],"6":[0,1]}}
}
