TN:
SF:src\config\env.ts
FN:7,requireEnv
FNF:1
FNH:1
FNDA:14,requireEnv
DA:1,2
DA:8,14
DA:9,14
DA:10,0
DA:12,14
DA:15,2
LF:6
LH:5
BRDA:9,0,0,0
BRDA:9,0,1,14
BRDA:16,1,0,2
BRDA:16,1,1,0
BRF:4
BRH:2
end_of_record
TN:
SF:src\config\rabbitmq.ts
FN:12,getRabbitChannel
FN:28,closeRabbitConnection
FNF:2
FNH:0
FNDA:0,getRabbitChannel
FNDA:0,closeRabbitConnection
DA:2,1
DA:3,1
DA:5,1
DA:6,1
DA:12,1
DA:13,0
DA:14,0
DA:17,0
DA:18,0
DA:20,0
DA:22,0
DA:28,1
DA:29,0
DA:30,0
DA:31,0
DA:33,0
DA:34,0
DA:35,0
LF:18
LH:6
BRDA:13,0,0,0
BRDA:13,0,1,0
BRDA:29,1,0,0
BRDA:29,1,1,0
BRDA:33,2,0,0
BRDA:33,2,1,0
BRF:6
BRH:0
end_of_record
TN:
SF:src\domain\user.errors.ts
FN:5,(anonymous_0)
FN:15,(anonymous_1)
FN:25,(anonymous_2)
FN:35,(anonymous_3)
FNF:4
FNH:1
FNDA:1,(anonymous_0)
FNDA:0,(anonymous_1)
FNDA:0,(anonymous_2)
FNDA:0,(anonymous_3)
DA:4,1
DA:6,1
DA:7,1
DA:14,1
DA:16,0
DA:17,0
DA:24,1
DA:26,0
DA:27,0
DA:34,1
DA:36,0
DA:37,0
LF:12
LH:6
BRDA:25,0,0,0
BRDA:35,1,0,0
BRF:2
BRH:0
end_of_record
TN:
SF:src\events\publisher.ts
FN:23,publishUserDeactivated
FNF:1
FNH:0
FNDA:0,publishUserDeactivated
DA:1,1
DA:2,1
DA:4,1
DA:23,1
DA:26,0
DA:34,0
DA:35,0
DA:36,0
DA:43,0
LF:9
LH:4
BRF:0
BRH:0
end_of_record
TN:
SF:src\repositories\user.repository.ts
FN:40,createUser
FN:55,findUserById
FN:65,findUserByEmail
FN:75,listUsers
FN:111,updateUserName
FN:125,deactivateUser
FN:139,replaceUserRoles
FNF:7
FNH:0
FNDA:0,createUser
FNDA:0,findUserById
FNDA:0,findUserByEmail
FNDA:0,listUsers
FNDA:0,updateUserName
FNDA:0,deactivateUser
FNDA:0,replaceUserRoles
DA:1,1
DA:2,1
DA:3,1
DA:6,1
DA:7,1
DA:8,1
DA:9,1
DA:40,1
DA:46,0
DA:55,1
DA:56,0
DA:65,1
DA:66,0
DA:75,1
DA:76,0
DA:78,0
DA:79,0
DA:80,0
DA:82,0
DA:83,0
DA:86,0
DA:96,0
DA:98,0
DA:111,1
DA:112,0
DA:125,1
DA:126,0
DA:139,1
DA:143,0
LF:29
LH:14
BRDA:79,0,0,0
BRDA:79,0,1,0
BRDA:82,1,0,0
BRDA:82,1,1,0
BRF:4
BRH:0
end_of_record
TN:
SF:src\services\keycloak.service.ts
FN:9,getAdminToken
FN:43,createKeycloakUser
FN:107,replaceKeycloakUserRoles
FN:152,(anonymous_3)
FNF:4
FNH:0
FNDA:0,getAdminToken
FNDA:0,createKeycloakUser
FNDA:0,replaceKeycloakUserRoles
FNDA:0,(anonymous_3)
DA:1,1
DA:10,0
DA:16,0
DA:25,0
DA:26,0
DA:31,0
DA:32,0
DA:43,1
DA:47,0
DA:48,0
DA:50,0
DA:65,0
DA:66,0
DA:69,0
DA:76,0
DA:77,0
DA:82,0
DA:84,0
DA:85,0
DA:90,0
DA:92,0
DA:97,0
DA:107,1
DA:111,0
DA:112,0
DA:113,0
DA:115,0
DA:119,0
DA:120,0
DA:125,0
DA:130,0
DA:134,0
DA:135,0
DA:140,0
DA:141,0
DA:152,0
DA:154,0
DA:155,0
DA:164,0
DA:165,0
LF:40
LH:3
BRDA:25,0,0,0
BRDA:25,0,1,0
BRDA:65,1,0,0
BRDA:65,1,1,0
BRDA:76,2,0,0
BRDA:76,2,1,0
BRDA:84,3,0,0
BRDA:84,3,1,0
BRDA:84,4,0,0
BRDA:84,4,1,0
BRDA:119,5,0,0
BRDA:119,5,1,0
BRDA:134,6,0,0
BRDA:134,6,1,0
BRDA:140,7,0,0
BRDA:140,7,1,0
BRDA:154,8,0,0
BRDA:154,8,1,0
BRDA:164,9,0,0
BRDA:164,9,1,0
BRF:20
BRH:0
end_of_record
TN:
SF:src\services\user.service.ts
FN:15,createUser
FN:45,listUsers
FN:56,getUserById
FN:72,updateUser
FN:88,deactivateUser
FN:112,replaceUserRoles
FNF:6
FNH:3
FNDA:3,createUser
FNDA:0,listUsers
FNDA:0,getUserById
FNDA:0,updateUser
FNDA:1,deactivateUser
FNDA:1,replaceUserRoles
DA:2,1
DA:3,1
DA:5,1
DA:6,1
DA:15,1
DA:20,3
DA:21,3
DA:22,1
DA:25,2
DA:27,2
DA:29,2
DA:31,2
DA:45,1
DA:46,0
DA:56,1
DA:57,0
DA:58,0
DA:59,0
DA:61,0
DA:72,1
DA:73,0
DA:74,0
DA:75,0
DA:77,0
DA:88,1
DA:92,1
DA:93,1
DA:94,0
DA:97,1
DA:99,1
DA:101,1
DA:112,1
DA:116,1
DA:117,1
DA:118,0
DA:121,1
DA:123,1
LF:37
LH:26
BRDA:21,0,0,1
BRDA:21,0,1,2
BRDA:25,1,0,1
BRDA:25,1,1,1
BRDA:25,2,0,2
BRDA:25,2,1,1
BRDA:58,3,0,0
BRDA:58,3,1,0
BRDA:74,4,0,0
BRDA:74,4,1,0
BRDA:93,5,0,0
BRDA:93,5,1,1
BRDA:117,6,0,0
BRDA:117,6,1,1
BRF:14
BRH:8
end_of_record
